<?xml version="1.0" encoding="UTF-8"?>
<testsuite name="TestSuite" time="0.173" tests="5" errors="0" skipped="0" failures="2">
  <properties>
[...]
</properties>
  <testcase name="justprint" classname="Testcases.VerifyHomePage" time="0.01"/>
  <testcase name="justprint" classname="Testcases.VerifyHomePagewithvalidpwd" time="0.041">
    <failure message="expected [5] but found [3]" type="java.lang.AssertionError">java.lang.AssertionError: expected [5] but found [3]
	at org.testng.Assert.fail(Assert.java:94)
	at org.testng.Assert.failNotEquals(Assert.java:494)
	at org.testng.Assert.assertEquals(Assert.java:123)
	at org.testng.Assert.assertEquals(Assert.java:370)
	at org.testng.Assert.assertEquals(Assert.java:380)
	at Testcases.VerifyHomePagewithvalidpwd.justprint(VerifyHomePagewithvalidpwd.java:48)
</failure>
    <system-out><![CDATA[Hi i am other test2
]]></system-out>
  </testcase>
  <testcase name="closeDown" classname="Testcases.VerifyHomePagewithvalidpwd" time="0.121">
    <failure type="java.lang.NullPointerException:">java.lang.NullPointerException: null
	at Utility.helper.CaptureScreenShot(helper.java:17)
	at Testcases.VerifyHomePagewithvalidpwd.closeDown(VerifyHomePagewithvalidpwd.java:60)
</failure>
  </testcase>
  <testcase name="justprint" classname="Testcases.VerifyHomePagewithvalidpwdtest1" time="0"/>
  <testcase name="justprint" classname="Testcases.VerifyHomePagewithvalidpwdTest2" time="0.001"/>
</testsuite>