<?xml version="1.0" encoding="UTF-8"?>
<testng-results skipped="0" failed="0" total="1" passed="1">
  <reporter-output>
  </reporter-output>
  <suite name="addwebtest2" duration-ms="198" started-at="2016-09-02T13:57:37Z" finished-at="2016-09-02T13:57:38Z">
    <groups>
    </groups>
    <test name="Test2" duration-ms="198" started-at="2016-09-02T13:57:37Z" finished-at="2016-09-02T13:57:38Z">
      <class name="Testcases.VerifyHomePagewithvalidpwd">
        <test-method status="PASS" signature="test3()[pri:0, instance:Testcases.VerifyHomePagewithvalidpwd@4cc0edeb]" name="test3" duration-ms="75" started-at="2016-09-02T19:27:38Z" finished-at="2016-09-02T19:27:38Z">
          <reporter-output>
          </reporter-output>
        </test-method> <!-- test3 -->
      </class> <!-- Testcases.VerifyHomePagewithvalidpwd -->
    </test> <!-- Test2 -->
  </suite> <!-- addwebtest2 -->
</testng-results>
